<?xml version="1.0" encoding="UTF-8" ?>
<testsuite failures="0" time="0.008" errors="0" skipped="0" tests="9" name="com.github.edgarespina.handlerbars.internal.DefaultContextTest">
  <properties>
[...]
</properties>
  <testcase time="0" classname="com.github.edgarespina.handlerbars.internal.DefaultContextTest" name="newContext"/>
  <testcase time="0" classname="com.github.edgarespina.handlerbars.internal.DefaultContextTest" name="dotLookup"/>
  <testcase time="0" classname="com.github.edgarespina.handlerbars.internal.DefaultContextTest" name="thisLookup"/>
  <testcase time="0" classname="com.github.edgarespina.handlerbars.internal.DefaultContextTest" name="singleMapLookup"/>
  <testcase time="0" classname="com.github.edgarespina.handlerbars.internal.DefaultContextTest" name="nestedMapLookup"/>
  <testcase time="0.002" classname="com.github.edgarespina.handlerbars.internal.DefaultContextTest" name="singleObjectLookup"/>
  <testcase time="0.001" classname="com.github.edgarespina.handlerbars.internal.DefaultContextTest" name="nestedObjectLookup"/>
  <testcase time="0.001" classname="com.github.edgarespina.handlerbars.internal.DefaultContextTest" name="customLookup"/>
  <testcase time="0" classname="com.github.edgarespina.handlerbars.internal.DefaultContextTest" name="customLookupOnChildClass"/>
</testsuite>